<?xml version="1.0" encoding="UTF-8"?>
<!-- Generated by org.testng.reporters.JUnitReportReporter -->
<testsuite hostname="SasikanthPC" failures="0" tests="1" name="SampleProgram.SampleProgram" time="4.902" errors="0" timestamp="2024-03-15T21:06:24 IST" skipped="0">
  <testcase classname="SampleProgram.SampleProgram" name="run" time="4.902"/>
  <system-out/>
</testsuite> <!-- SampleProgram.SampleProgram -->
